<?xml version="1.0" encoding="UTF-8"?>
<beans xmlns="http://www.springframework.org/schema/beans"
	xmlns:xsi="http://www.w3.org/2001/XMLSchema-instance"
	xmlns:context="http://www.springframework.org/schema/context"
    xmlns:tx="http://www.springframework.org/schema/tx"
	xsi:schemaLocation="http://www.springframework.org/schema/beans http://www.springframework.org/schema/beans/spring-beans.xsd
        http://www.springframework.org/schema/tx http://www.springframework.org/schema/tx/spring-tx-3.1.xsd
	http://www.springframework.org/schema/context http://www.springframework.org/schema/context/spring-context.xsd">
	
	<!-- Root Context: defines shared resources visible to all other web components -->
    
  <context:property-placeholder location="classpath:database.properties" />
  
 
    <context:annotation-config/>
<!--     <context:component-scan base-package="com.hartzman.library.controller" /> -->
    <context:component-scan base-package="com.hartzman.library.dao" />
    <context:component-scan base-package="com.hartzman.library.service" />

    <import resource="datasource.xml" />        
    <import resource="Hibernate.xml" />

    <tx:annotation-driven transaction-manager="transactionManager"/>
    
</beans>
